<< CAP LS 302
<< JOIN :
>> :halcyon.il.us.dal.net NOTICE AUTH :*** Looking up your hostname...
>> :halcyon.il.us.dal.net NOTICE AUTH :*** Found your hostname
>> :halcyon.il.us.dal.net 451 * JOIN :You must finish connecting with another nickname first.
<< NICK tvinci
<< USER tvinci tvinci irc.dal.net :Thomas Vincileoni
>> :halcyon.il.us.dal.net 433 * tvinci :Nickname is already in use.
<< NICK tvinci_
>> :halcyon.il.us.dal.net 001 tvinci_ :Welcome to the DALnet IRC Network tvinci_!~tvinci@82.113.18.51
>> :halcyon.il.us.dal.net 002 tvinci_ :Your host is halcyon.il.us.dal.net, running version bahamut-2.2.2
>> :halcyon.il.us.dal.net 003 tvinci_ :This server was created Thu Aug 3 2023 at 16:38:57 UTC
>> :halcyon.il.us.dal.net 004 tvinci_ halcyon.il.us.dal.net bahamut-2.2.2 aAbcCdefFghHiIjkKmnoOPrRsSwxXy AbceiIjklLmMnoOpPrRsStv beIjklov
>> :halcyon.il.us.dal.net 005 tvinci_ NETWORK=DALnet SAFELIST MAXBANS=200 MAXCHANNELS=50 CHANNELLEN=32 KICKLEN=307 NICKLEN=30 TOPICLEN=307 MODES=6 CHANTYPES=# CHANLIMIT=#:50 PREFIX=(ohv)@%+ STATUSMSG=@%+ :are available on this server
>> :halcyon.il.us.dal.net 005 tvinci_ CASEMAPPING=ascii WATCH=128 SILENCE=10 ELIST=cmntu EXCEPTS INVEX CHANMODES=beI,k,jl,ciPAmMnOprRsSt MAXLIST=b:200,e:100,I:100 TARGMAX=DCCALLOW:,JOIN:,KICK:4,KILL:20,NOTICE:20,PART:,PRIVMSG:20,WHOIS:,WHOWAS: :are available on this server
>> :halcyon.il.us.dal.net 251 tvinci_ :There are 77 users and 7374 invisible on 36 servers
>> :halcyon.il.us.dal.net 252 tvinci_ 72 :IRC Operators online
>> :halcyon.il.us.dal.net 254 tvinci_ 3615 :channels formed
>> :halcyon.il.us.dal.net 255 tvinci_ :I have 1457 clients and 1 servers
>> :halcyon.il.us.dal.net 265 tvinci_ :Current local users: 1457 Max: 1722
>> :halcyon.il.us.dal.net 266 tvinci_ :Current global users: 7451 Max: 8222
>> :halcyon.il.us.dal.net NOTICE tvinci_ :*** Notice -- motd was last changed at 9/4/2024 18:09
>> :halcyon.il.us.dal.net 375 tvinci_ :- halcyon.il.us.dal.net Message of the Day - 
>> :halcyon.il.us.dal.net 372 tvinci_ :-9/4/2024 18:09
>> :halcyon.il.us.dal.net 372 tvinci_ :-              _  _ ____ _    ____ _ _ ____ __ _
>> :halcyon.il.us.dal.net 372 tvinci_ :-              |--| |--| |___ |___  Y  [__] | \|
>> :halcyon.il.us.dal.net 372 tvinci_ :- 
>> :halcyon.il.us.dal.net 372 tvinci_ :-                 [ halcyon.il.us.dal.net    ]
>> :halcyon.il.us.dal.net 372 tvinci_ :- 
>> :halcyon.il.us.dal.net 372 tvinci_ :-                 [ Accessible via...        ]
>> :halcyon.il.us.dal.net 372 tvinci_ :-                 [ ipv4: halcyon.dal.net    ]
>> :halcyon.il.us.dal.net 372 tvinci_ :-                 [ ipv6: halcyon-v6.dal.net ]
>> :halcyon.il.us.dal.net 372 tvinci_ :- 
>> :halcyon.il.us.dal.net 372 tvinci_ :- Welcome to DALnet!  By connecting to this network, you agree to abide
>> :halcyon.il.us.dal.net 372 tvinci_ :- by its acceptable use policy, available here: http://www.dal.net/aup
>> :halcyon.il.us.dal.net 372 tvinci_ :- 
>> :halcyon.il.us.dal.net 372 tvinci_ :- Server Policies:
>> :halcyon.il.us.dal.net 372 tvinci_ :- 
>> :halcyon.il.us.dal.net 372 tvinci_ :-    *   We reserve the right to deny access to this server without
>> :halcyon.il.us.dal.net 372 tvinci_ :-        warning or explanation
>> :halcyon.il.us.dal.net 372 tvinci_ :-    *   No malicious bots, including flood and nick/channel chasers
>> :halcyon.il.us.dal.net 372 tvinci_ :-    *   No channel filler bots/clients/psybncs
>> :halcyon.il.us.dal.net 372 tvinci_ :-          - A channel filler is a client, bnc, or bot which is
>> :halcyon.il.us.dal.net 372 tvinci_ :-            connected just to fill a channel and make it look
>> :halcyon.il.us.dal.net 372 tvinci_ :-            bigger
>> :halcyon.il.us.dal.net 372 tvinci_ :-    *   Operator impersonation, spamming, or any other abuse will
>> :halcyon.il.us.dal.net 372 tvinci_ :-        cause you to be banned from this server
>> :halcyon.il.us.dal.net 372 tvinci_ :-    *   Abide by DALnet's AUP (www.dal.net/aup)
>> :halcyon.il.us.dal.net 372 tvinci_ :-    *   Please have fun and enjoy DALnet!
>> :halcyon.il.us.dal.net 372 tvinci_ :- 
>> :halcyon.il.us.dal.net 372 tvinci_ :-      ///admins////////////////////////////////////////
>> :halcyon.il.us.dal.net 372 tvinci_ :-      //                                             //
>> :halcyon.il.us.dal.net 372 tvinci_ :-      //  [ brandon - administrator             ]    //
>> :halcyon.il.us.dal.net 372 tvinci_ :-      //  [ klb     - assistant administrator   ]    //
>> :halcyon.il.us.dal.net 372 tvinci_ :-      //                                             //
>> :halcyon.il.us.dal.net 372 tvinci_ :-      ///operators/////////////////////////////////////
>> :halcyon.il.us.dal.net 372 tvinci_ :-      //                                             //
>> :halcyon.il.us.dal.net 372 tvinci_ :-      //  [ guppy  ] [ oldcrow  ] [ rasengan ]       //
>> :halcyon.il.us.dal.net 372 tvinci_ :-      //  [ s2pid  ] [ lilmiss  ] [ kiraela  ]       //
>> :halcyon.il.us.dal.net 372 tvinci_ :-      //  [ DTC    ]                                 //
>> :halcyon.il.us.dal.net 372 tvinci_ :-      //                                             //
>> :halcyon.il.us.dal.net 372 tvinci_ :-      /////////////////////////////////////////////////
>> :halcyon.il.us.dal.net 372 tvinci_ :- 
>> :halcyon.il.us.dal.net 372 tvinci_ :- 
>> :halcyon.il.us.dal.net 372 tvinci_ :- For IRCop assistance, please /join #operhelp or message one of our
>> :halcyon.il.us.dal.net 372 tvinci_ :- friendly server staff listed above.
>> :halcyon.il.us.dal.net 372 tvinci_ :- 
>> :halcyon.il.us.dal.net 372 tvinci_ :- For multilingual information:  <http://docs.dal.net/>
>> :halcyon.il.us.dal.net 372 tvinci_ :- 
>> :halcyon.il.us.dal.net 372 tvinci_ :- Thank you for using DALnet!  We hope you have a pleasant day.
>> :halcyon.il.us.dal.net 376 tvinci_ :End of /MOTD command.
>> :tvinci_ MODE tvinci_ :+iH
<< MODE tvinci_ +i
<< WHOIS tvinci
>> :halcyon.il.us.dal.net 311 tvinci_ tvinci ~tvinci 18e-4ba9-9ff1-59-1f2c.113.82.ip * :Thomas Vincileoni
--> nickfind event whois
>> :halcyon.il.us.dal.net 319 tvinci_ tvinci :# #& @#foo @#&foo 
--> event empty
>> :halcyon.il.us.dal.net 312 tvinci_ tvinci halcyon.il.us.dal.net :valar dohaeris
--> event empty
>> :halcyon.il.us.dal.net 317 tvinci_ tvinci 8513 1716532556 :seconds idle, signon time
--> event empty
>> :halcyon.il.us.dal.net 318 tvinci_ tvinci :End of /WHOIS list.
--> event empty
<< JOIN #Mel
>> :tvinci_!~tvinci@18e-4ba9-9ff1-59-1f2c.113.82.ip JOIN :#Mel
>> :halcyon.il.us.dal.net 353 tvinci_ = #Mel :@tvinci_ 
>> :halcyon.il.us.dal.net 366 tvinci_ #Mel :End of /NAMES list.
<< MODE #Mel
>> :halcyon.il.us.dal.net 324 tvinci_ #Mel + 
--> chanquery mode
>> :halcyon.il.us.dal.net 329 tvinci_ #Mel 1716541073
--> event 329
<< WHO #Mel
>> :halcyon.il.us.dal.net 352 tvinci_ #Mel ~tvinci 18e-4ba9-9ff1-59-1f2c.113.82.ip halcyon.il.us.dal.net tvinci_ H@ :0 Thomas Vincileoni
--> silent event who
>> :halcyon.il.us.dal.net 315 tvinci_ #Mel :End of /WHO list.
--> chanquery who end
<< MODE #Mel b
>> :halcyon.il.us.dal.net 368 tvinci_ #Mel :End of Channel Ban List
--> chanquery ban end
<< PING halcyon.il.us.dal.net
>> :halcyon.il.us.dal.net PONG halcyon.il.us.dal.net :tvinci_
--> lag pong
<< INVITE boom,ching Mel
>> :halcyon.il.us.dal.net 401 tvinci_ boom,ching :No such nick/channel
<< PING halcyon.il.us.dal.net
>> :halcyon.il.us.dal.net PONG halcyon.il.us.dal.net :tvinci_
--> lag pong
<< INVITE boom,ching Mel
>> :halcyon.il.us.dal.net 401 tvinci_ boom,ching :No such nick/channel
<< PING halcyon.il.us.dal.net
>> :halcyon.il.us.dal.net PONG halcyon.il.us.dal.net :tvinci_
--> lag pong
<< INVITE boom,ching Mel
>> :halcyon.il.us.dal.net 401 tvinci_ boom,ching :No such nick/channel
<< PING halcyon.il.us.dal.net
>> :halcyon.il.us.dal.net PONG halcyon.il.us.dal.net :tvinci_
--> lag pong
<< PING halcyon.il.us.dal.net
>> :halcyon.il.us.dal.net PONG halcyon.il.us.dal.net :tvinci_
--> lag pong
<< PING halcyon.il.us.dal.net
>> :halcyon.il.us.dal.net PONG halcyon.il.us.dal.net :tvinci_
--> lag pong
<< PING halcyon.il.us.dal.net
>> :halcyon.il.us.dal.net PONG halcyon.il.us.dal.net :tvinci_
--> lag pong
<< PING halcyon.il.us.dal.net
>> :halcyon.il.us.dal.net PONG halcyon.il.us.dal.net :tvinci_
--> lag pong
<< PING halcyon.il.us.dal.net
>> :halcyon.il.us.dal.net PONG halcyon.il.us.dal.net :tvinci_
--> lag pong
<< PING halcyon.il.us.dal.net
>> :halcyon.il.us.dal.net PONG halcyon.il.us.dal.net :tvinci_
--> lag pong
<< PING halcyon.il.us.dal.net
>> :halcyon.il.us.dal.net PONG halcyon.il.us.dal.net :tvinci_
--> lag pong
<< PING halcyon.il.us.dal.net
>> :halcyon.il.us.dal.net PONG halcyon.il.us.dal.net :tvinci_
--> lag pong
<< PING halcyon.il.us.dal.net
>> :halcyon.il.us.dal.net PONG halcyon.il.us.dal.net :tvinci_
--> lag pong
<< PING halcyon.il.us.dal.net
>> :halcyon.il.us.dal.net PONG halcyon.il.us.dal.net :tvinci_
--> lag pong
<< PING halcyon.il.us.dal.net
>> :halcyon.il.us.dal.net PONG halcyon.il.us.dal.net :tvinci_
--> lag pong
<< PING halcyon.il.us.dal.net
>> :halcyon.il.us.dal.net PONG halcyon.il.us.dal.net :tvinci_
--> lag pong
<< PING halcyon.il.us.dal.net
>> :halcyon.il.us.dal.net PONG halcyon.il.us.dal.net :tvinci_
--> lag pong
<< PING halcyon.il.us.dal.net
>> :halcyon.il.us.dal.net PONG halcyon.il.us.dal.net :tvinci_
--> lag pong
<< INVITE tvinci Mel
>> :halcyon.il.us.dal.net 403 tvinci_ Mel :No such channel
<< PING halcyon.il.us.dal.net
>> :halcyon.il.us.dal.net PONG halcyon.il.us.dal.net :tvinci_
--> lag pong
<< INVITE tvinci #Mel
>> :halcyon.il.us.dal.net 341 tvinci_ tvinci #Mel
>> :halcyon.il.us.dal.net NOTICE @#Mel :tvinci_ invited tvinci into channel #Mel
<< INVITE tvinci #Mel
>> :halcyon.il.us.dal.net 341 tvinci_ tvinci #Mel
>> :halcyon.il.us.dal.net NOTICE @#Mel :tvinci_ invited tvinci into channel #Mel
<< INVITE tvinci,ching #Mel
>> :halcyon.il.us.dal.net 401 tvinci_ tvinci,ching :No such nick/channel
<< PING halcyon.il.us.dal.net
>> :halcyon.il.us.dal.net PONG halcyon.il.us.dal.net :tvinci_
--> lag pong
<< INVITE tvincidzadza #Mel
>> :halcyon.il.us.dal.net 401 tvinci_ tvincidzadza :No such nick/channel
<< PING halcyon.il.us.dal.net
>> :halcyon.il.us.dal.net PONG halcyon.il.us.dal.net :tvinci_
--> lag pong
<< PING halcyon.il.us.dal.net
>> :halcyon.il.us.dal.net PONG halcyon.il.us.dal.net :tvinci_
--> lag pong
<< PING halcyon.il.us.dal.net
>> :halcyon.il.us.dal.net PONG halcyon.il.us.dal.net :tvinci_
--> lag pong
<< PING halcyon.il.us.dal.net
>> :halcyon.il.us.dal.net PONG halcyon.il.us.dal.net :tvinci_
--> lag pong
<< PING halcyon.il.us.dal.net
>> :halcyon.il.us.dal.net PONG halcyon.il.us.dal.net :tvinci_
--> lag pong
<< PING halcyon.il.us.dal.net
>> :halcyon.il.us.dal.net PONG halcyon.il.us.dal.net :tvinci_
--> lag pong
<< PING halcyon.il.us.dal.net
>> :halcyon.il.us.dal.net PONG halcyon.il.us.dal.net :tvinci_
--> lag pong
<< PING halcyon.il.us.dal.net
>> :halcyon.il.us.dal.net PONG halcyon.il.us.dal.net :tvinci_
--> lag pong
<< PING halcyon.il.us.dal.net
>> :halcyon.il.us.dal.net PONG halcyon.il.us.dal.net :tvinci_
--> lag pong
<< PING halcyon.il.us.dal.net
>> :halcyon.il.us.dal.net PONG halcyon.il.us.dal.net :tvinci_
--> lag pong
<< PING halcyon.il.us.dal.net
>> :halcyon.il.us.dal.net PONG halcyon.il.us.dal.net :tvinci_
--> lag pong
<< PING halcyon.il.us.dal.net
>> :halcyon.il.us.dal.net PONG halcyon.il.us.dal.net :tvinci_
--> lag pong
<< PING halcyon.il.us.dal.net
>> :halcyon.il.us.dal.net PONG halcyon.il.us.dal.net :tvinci_
--> lag pong
<< PING halcyon.il.us.dal.net
>> :halcyon.il.us.dal.net PONG halcyon.il.us.dal.net :tvinci_
--> lag pong
<< PING halcyon.il.us.dal.net
>> :halcyon.il.us.dal.net PONG halcyon.il.us.dal.net :tvinci_
--> lag pong
<< PING halcyon.il.us.dal.net
>> :halcyon.il.us.dal.net PONG halcyon.il.us.dal.net :tvinci_
--> lag pong
<< PING halcyon.il.us.dal.net
>> :halcyon.il.us.dal.net PONG halcyon.il.us.dal.net :tvinci_
--> lag pong
<< PING halcyon.il.us.dal.net
>> :halcyon.il.us.dal.net PONG halcyon.il.us.dal.net :tvinci_
--> lag pong
<< PING halcyon.il.us.dal.net
>> :halcyon.il.us.dal.net PONG halcyon.il.us.dal.net :tvinci_
--> lag pong
<< PING halcyon.il.us.dal.net
>> :halcyon.il.us.dal.net PONG halcyon.il.us.dal.net :tvinci_
--> lag pong
<< PING halcyon.il.us.dal.net
>> :halcyon.il.us.dal.net PONG halcyon.il.us.dal.net :tvinci_
--> lag pong
<< PING halcyon.il.us.dal.net
>> :halcyon.il.us.dal.net PONG halcyon.il.us.dal.net :tvinci_
--> lag pong
<< PING halcyon.il.us.dal.net
>> :halcyon.il.us.dal.net PONG halcyon.il.us.dal.net :tvinci_
--> lag pong
<< PING halcyon.il.us.dal.net
>> :halcyon.il.us.dal.net PONG halcyon.il.us.dal.net :tvinci_
--> lag pong
<< PING halcyon.il.us.dal.net
>> :halcyon.il.us.dal.net PONG halcyon.il.us.dal.net :tvinci_
--> lag pong
<< PING halcyon.il.us.dal.net
>> :halcyon.il.us.dal.net PONG halcyon.il.us.dal.net :tvinci_
--> lag pong
<< PING halcyon.il.us.dal.net
>> :halcyon.il.us.dal.net PONG halcyon.il.us.dal.net :tvinci_
--> lag pong
<< PING halcyon.il.us.dal.net
>> :halcyon.il.us.dal.net PONG halcyon.il.us.dal.net :tvinci_
--> lag pong
<< PING halcyon.il.us.dal.net
>> :halcyon.il.us.dal.net PONG halcyon.il.us.dal.net :tvinci_
--> lag pong
<< PING halcyon.il.us.dal.net
>> :halcyon.il.us.dal.net PONG halcyon.il.us.dal.net :tvinci_
--> lag pong
<< PING halcyon.il.us.dal.net
>> :halcyon.il.us.dal.net PONG halcyon.il.us.dal.net :tvinci_
--> lag pong
<< PING halcyon.il.us.dal.net
>> :halcyon.il.us.dal.net PONG halcyon.il.us.dal.net :tvinci_
--> lag pong
<< PING halcyon.il.us.dal.net
>> :halcyon.il.us.dal.net PONG halcyon.il.us.dal.net :tvinci_
--> lag pong
<< PING halcyon.il.us.dal.net
>> :halcyon.il.us.dal.net PONG halcyon.il.us.dal.net :tvinci_
--> lag pong
<< INVITE tvinci Mel
>> :halcyon.il.us.dal.net 403 tvinci_ Mel :No such channel
<< PING halcyon.il.us.dal.net
>> :halcyon.il.us.dal.net PONG halcyon.il.us.dal.net :tvinci_
--> lag pong
<< TOPIC #Mel :Hello
>> :tvinci_!~tvinci@18e-4ba9-9ff1-59-1f2c.113.82.ip TOPIC #Mel :Hello
<< PING halcyon.il.us.dal.net
>> :halcyon.il.us.dal.net PONG halcyon.il.us.dal.net :tvinci_
--> lag pong
<< TOPIC #Mel :Mel Hey
>> :tvinci_!~tvinci@18e-4ba9-9ff1-59-1f2c.113.82.ip TOPIC #Mel :Mel Hey
<< PING halcyon.il.us.dal.net
>> :halcyon.il.us.dal.net PONG halcyon.il.us.dal.net :tvinci_
--> lag pong
<< PART #Mel :Mel
>> :tvinci_!~tvinci@18e-4ba9-9ff1-59-1f2c.113.82.ip PART #Mel :Mel
<< PART #Mel
>> :halcyon.il.us.dal.net 403 tvinci_ #Mel :No such channel
<< PING halcyon.il.us.dal.net
>> :halcyon.il.us.dal.net PONG halcyon.il.us.dal.net :tvinci_
--> lag pong
<< JOIN #Mel
>> :tvinci_!~tvinci@18e-4ba9-9ff1-59-1f2c.113.82.ip JOIN :#Mel
>> :halcyon.il.us.dal.net 353 tvinci_ = #Mel :@tvinci_ 
>> :halcyon.il.us.dal.net 366 tvinci_ #Mel :End of /NAMES list.
<< MODE #Mel
>> :halcyon.il.us.dal.net 324 tvinci_ #Mel + 
--> chanquery mode
>> :halcyon.il.us.dal.net 329 tvinci_ #Mel 1716544569
--> event 329
<< WHO #Mel
>> :halcyon.il.us.dal.net 352 tvinci_ #Mel ~tvinci 18e-4ba9-9ff1-59-1f2c.113.82.ip halcyon.il.us.dal.net tvinci_ H@ :0 Thomas Vincileoni
--> silent event who
>> :halcyon.il.us.dal.net 315 tvinci_ #Mel :End of /WHO list.
--> chanquery who end
<< MODE #Mel b
>> :halcyon.il.us.dal.net 368 tvinci_ #Mel :End of Channel Ban List
--> chanquery ban end
<< PING halcyon.il.us.dal.net
>> :halcyon.il.us.dal.net PONG halcyon.il.us.dal.net :tvinci_
--> lag pong
<< PING halcyon.il.us.dal.net
>> :halcyon.il.us.dal.net PONG halcyon.il.us.dal.net :tvinci_
--> lag pong
<< PING halcyon.il.us.dal.net
>> :halcyon.il.us.dal.net PONG halcyon.il.us.dal.net :tvinci_
--> lag pong
<< PING halcyon.il.us.dal.net
>> :halcyon.il.us.dal.net PONG halcyon.il.us.dal.net :tvinci_
--> lag pong
<< PING halcyon.il.us.dal.net
>> :halcyon.il.us.dal.net PONG halcyon.il.us.dal.net :tvinci_
--> lag pong
<< PING halcyon.il.us.dal.net
>> :halcyon.il.us.dal.net PONG halcyon.il.us.dal.net :tvinci_
--> lag pong
<< PING halcyon.il.us.dal.net
>> :halcyon.il.us.dal.net PONG halcyon.il.us.dal.net :tvinci_
--> lag pong
<< JOIN #@Mel
>> :tvinci_!~tvinci@18e-4ba9-9ff1-59-1f2c.113.82.ip JOIN :#@Mel
>> :halcyon.il.us.dal.net 353 tvinci_ = #@Mel :@tvinci_ 
>> :halcyon.il.us.dal.net 366 tvinci_ #@Mel :End of /NAMES list.
<< MODE #@Mel
>> :halcyon.il.us.dal.net 324 tvinci_ #@Mel + 
--> chanquery mode
>> :halcyon.il.us.dal.net 329 tvinci_ #@Mel 1716545049
--> event 329
<< WHO #@Mel
>> :halcyon.il.us.dal.net 352 tvinci_ #@Mel ~tvinci 18e-4ba9-9ff1-59-1f2c.113.82.ip halcyon.il.us.dal.net tvinci_ H@ :0 Thomas Vincileoni
--> silent event who
>> :halcyon.il.us.dal.net 315 tvinci_ #@Mel :End of /WHO list.
--> chanquery who end
<< MODE #@Mel b
>> :halcyon.il.us.dal.net 368 tvinci_ #@Mel :End of Channel Ban List
--> chanquery ban end
<< PING halcyon.il.us.dal.net
>> :halcyon.il.us.dal.net PONG halcyon.il.us.dal.net :tvinci_
--> lag pong
<< TOPIC #@Mel :@Mel hello
>> :tvinci_!~tvinci@18e-4ba9-9ff1-59-1f2c.113.82.ip TOPIC #@Mel :@Mel hello
<< PING halcyon.il.us.dal.net
>> :halcyon.il.us.dal.net PONG halcyon.il.us.dal.net :tvinci_
--> lag pong
<< PING halcyon.il.us.dal.net
>> :halcyon.il.us.dal.net PONG halcyon.il.us.dal.net :tvinci_
--> lag pong
<< PING halcyon.il.us.dal.net
>> :halcyon.il.us.dal.net PONG halcyon.il.us.dal.net :tvinci_
--> lag pong
<< PING halcyon.il.us.dal.net
>> :halcyon.il.us.dal.net PONG halcyon.il.us.dal.net :tvinci_
--> lag pong
<< PING halcyon.il.us.dal.net
>> :halcyon.il.us.dal.net PONG halcyon.il.us.dal.net :tvinci_
--> lag pong
<< TOPIC #@Mel :@Mel hello
>> :tvinci_!~tvinci@18e-4ba9-9ff1-59-1f2c.113.82.ip TOPIC #@Mel :@Mel hello
<< PART #@Mel :@Mel
>> :tvinci_!~tvinci@18e-4ba9-9ff1-59-1f2c.113.82.ip PART #@Mel :@Mel
<< PING halcyon.il.us.dal.net
>> :halcyon.il.us.dal.net PONG halcyon.il.us.dal.net :tvinci_
--> lag pong
<< PING halcyon.il.us.dal.net
>> :halcyon.il.us.dal.net PONG halcyon.il.us.dal.net :tvinci_
--> lag pong
<< PING halcyon.il.us.dal.net
>> :halcyon.il.us.dal.net PONG halcyon.il.us.dal.net :tvinci_
--> lag pong
<< PING halcyon.il.us.dal.net
>> :halcyon.il.us.dal.net PONG halcyon.il.us.dal.net :tvinci_
--> lag pong
<< PING halcyon.il.us.dal.net
>> :halcyon.il.us.dal.net PONG halcyon.il.us.dal.net :tvinci_
--> lag pong
<< TOPIC #Mel :@Mel
>> :tvinci_!~tvinci@18e-4ba9-9ff1-59-1f2c.113.82.ip TOPIC #Mel :@Mel
<< TOPIC #@Mel
>> :halcyon.il.us.dal.net 403 tvinci_ #@Mel :No such channel
<< JOIN #@Mel
>> :tvinci_!~tvinci@18e-4ba9-9ff1-59-1f2c.113.82.ip JOIN :#@Mel
>> :halcyon.il.us.dal.net 353 tvinci_ = #@Mel :@tvinci_ 
>> :halcyon.il.us.dal.net 366 tvinci_ #@Mel :End of /NAMES list.
<< MODE #@Mel
>> :halcyon.il.us.dal.net 324 tvinci_ #@Mel + 
--> chanquery mode
>> :halcyon.il.us.dal.net 329 tvinci_ #@Mel 1716545705
--> event 329
<< WHO #@Mel
>> :halcyon.il.us.dal.net 352 tvinci_ #@Mel ~tvinci 18e-4ba9-9ff1-59-1f2c.113.82.ip halcyon.il.us.dal.net tvinci_ H@ :0 Thomas Vincileoni
--> silent event who
>> :halcyon.il.us.dal.net 315 tvinci_ #@Mel :End of /WHO list.
--> chanquery who end
<< MODE #@Mel b
>> :halcyon.il.us.dal.net 368 tvinci_ #@Mel :End of Channel Ban List
--> chanquery ban end
<< PING halcyon.il.us.dal.net
>> :halcyon.il.us.dal.net PONG halcyon.il.us.dal.net :tvinci_
--> lag pong
<< PING halcyon.il.us.dal.net
>> :halcyon.il.us.dal.net PONG halcyon.il.us.dal.net :tvinci_
--> lag pong
<< PING halcyon.il.us.dal.net
>> :halcyon.il.us.dal.net PONG halcyon.il.us.dal.net :tvinci_
--> lag pong
<< PING halcyon.il.us.dal.net
>> :halcyon.il.us.dal.net PONG halcyon.il.us.dal.net :tvinci_
--> lag pong
<< PING halcyon.il.us.dal.net
>> :halcyon.il.us.dal.net PONG halcyon.il.us.dal.net :tvinci_
--> lag pong
<< PING halcyon.il.us.dal.net
>> :halcyon.il.us.dal.net PONG halcyon.il.us.dal.net :tvinci_
--> lag pong
<< PING halcyon.il.us.dal.net
>> :halcyon.il.us.dal.net PONG halcyon.il.us.dal.net :tvinci_
--> lag pong
<< PING halcyon.il.us.dal.net
>> :halcyon.il.us.dal.net PONG halcyon.il.us.dal.net :tvinci_
--> lag pong
<< PING halcyon.il.us.dal.net
>> :halcyon.il.us.dal.net PONG halcyon.il.us.dal.net :tvinci_
--> lag pong
<< PING halcyon.il.us.dal.net
>> :halcyon.il.us.dal.net PONG halcyon.il.us.dal.net :tvinci_
--> lag pong
<< PING halcyon.il.us.dal.net
>> :halcyon.il.us.dal.net PONG halcyon.il.us.dal.net :tvinci_
--> lag pong
<< PING halcyon.il.us.dal.net
>> :halcyon.il.us.dal.net PONG halcyon.il.us.dal.net :tvinci_
--> lag pong
<< PING halcyon.il.us.dal.net
>> :halcyon.il.us.dal.net PONG halcyon.il.us.dal.net :tvinci_
--> lag pong
<< PING halcyon.il.us.dal.net
>> :halcyon.il.us.dal.net PONG halcyon.il.us.dal.net :tvinci_
--> lag pong
<< PING halcyon.il.us.dal.net
>> :halcyon.il.us.dal.net PONG halcyon.il.us.dal.net :tvinci_
--> lag pong
<< PING halcyon.il.us.dal.net
>> :halcyon.il.us.dal.net PONG halcyon.il.us.dal.net :tvinci_
--> lag pong
<< PING halcyon.il.us.dal.net
>> :halcyon.il.us.dal.net PONG halcyon.il.us.dal.net :tvinci_
--> lag pong
<< PING halcyon.il.us.dal.net
>> :halcyon.il.us.dal.net PONG halcyon.il.us.dal.net :tvinci_
--> lag pong
<< PING halcyon.il.us.dal.net
>> :halcyon.il.us.dal.net PONG halcyon.il.us.dal.net :tvinci_
--> lag pong
<< PING halcyon.il.us.dal.net
>> :halcyon.il.us.dal.net PONG halcyon.il.us.dal.net :tvinci_
--> lag pong
<< PING halcyon.il.us.dal.net
>> :halcyon.il.us.dal.net PONG halcyon.il.us.dal.net :tvinci_
--> lag pong
<< PING halcyon.il.us.dal.net
>> :halcyon.il.us.dal.net PONG halcyon.il.us.dal.net :tvinci_
--> lag pong
<< PING halcyon.il.us.dal.net
>> :halcyon.il.us.dal.net PONG halcyon.il.us.dal.net :tvinci_
--> lag pong
<< PING halcyon.il.us.dal.net
>> :halcyon.il.us.dal.net PONG halcyon.il.us.dal.net :tvinci_
--> lag pong
<< PING halcyon.il.us.dal.net
>> :halcyon.il.us.dal.net PONG halcyon.il.us.dal.net :tvinci_
--> lag pong
<< PING halcyon.il.us.dal.net
>> :halcyon.il.us.dal.net PONG halcyon.il.us.dal.net :tvinci_
--> lag pong
<< PING halcyon.il.us.dal.net
>> :halcyon.il.us.dal.net PONG halcyon.il.us.dal.net :tvinci_
--> lag pong
<< PING halcyon.il.us.dal.net
>> :halcyon.il.us.dal.net PONG halcyon.il.us.dal.net :tvinci_
--> lag pong
<< PING halcyon.il.us.dal.net
>> :halcyon.il.us.dal.net PONG halcyon.il.us.dal.net :tvinci_
--> lag pong
<< PING halcyon.il.us.dal.net
>> :halcyon.il.us.dal.net PONG halcyon.il.us.dal.net :tvinci_
--> lag pong
<< PING halcyon.il.us.dal.net
>> :halcyon.il.us.dal.net PONG halcyon.il.us.dal.net :tvinci_
--> lag pong
<< PING halcyon.il.us.dal.net
>> :halcyon.il.us.dal.net PONG halcyon.il.us.dal.net :tvinci_
--> lag pong
<< PING halcyon.il.us.dal.net
>> :halcyon.il.us.dal.net PONG halcyon.il.us.dal.net :tvinci_
--> lag pong
<< PING halcyon.il.us.dal.net
>> :halcyon.il.us.dal.net PONG halcyon.il.us.dal.net :tvinci_
--> lag pong
<< PING halcyon.il.us.dal.net
>> :halcyon.il.us.dal.net PONG halcyon.il.us.dal.net :tvinci_
--> lag pong
<< PING halcyon.il.us.dal.net
>> :halcyon.il.us.dal.net PONG halcyon.il.us.dal.net :tvinci_
--> lag pong
<< PING halcyon.il.us.dal.net
>> :halcyon.il.us.dal.net PONG halcyon.il.us.dal.net :tvinci_
--> lag pong
<< PING halcyon.il.us.dal.net
>> :halcyon.il.us.dal.net PONG halcyon.il.us.dal.net :tvinci_
--> lag pong
<< PING halcyon.il.us.dal.net
>> :halcyon.il.us.dal.net PONG halcyon.il.us.dal.net :tvinci_
--> lag pong
<< PING halcyon.il.us.dal.net
>> :halcyon.il.us.dal.net PONG halcyon.il.us.dal.net :tvinci_
--> lag pong
<< PING halcyon.il.us.dal.net
>> :halcyon.il.us.dal.net PONG halcyon.il.us.dal.net :tvinci_
--> lag pong
<< PING halcyon.il.us.dal.net
>> :halcyon.il.us.dal.net PONG halcyon.il.us.dal.net :tvinci_
--> lag pong
<< PING halcyon.il.us.dal.net
>> :halcyon.il.us.dal.net PONG halcyon.il.us.dal.net :tvinci_
--> lag pong
<< PING halcyon.il.us.dal.net
>> :halcyon.il.us.dal.net PONG halcyon.il.us.dal.net :tvinci_
--> lag pong
<< PING halcyon.il.us.dal.net
>> :halcyon.il.us.dal.net PONG halcyon.il.us.dal.net :tvinci_
--> lag pong
<< PING halcyon.il.us.dal.net
>> :halcyon.il.us.dal.net PONG halcyon.il.us.dal.net :tvinci_
--> lag pong
<< PING halcyon.il.us.dal.net
>> :halcyon.il.us.dal.net PONG halcyon.il.us.dal.net :tvinci_
--> lag pong
<< PING halcyon.il.us.dal.net
>> :halcyon.il.us.dal.net PONG halcyon.il.us.dal.net :tvinci_
--> lag pong
<< PING halcyon.il.us.dal.net
>> :halcyon.il.us.dal.net PONG halcyon.il.us.dal.net :tvinci_
--> lag pong
<< PING halcyon.il.us.dal.net
>> :halcyon.il.us.dal.net PONG halcyon.il.us.dal.net :tvinci_
--> lag pong
<< PING halcyon.il.us.dal.net
>> :halcyon.il.us.dal.net PONG halcyon.il.us.dal.net :tvinci_
--> lag pong
<< PING halcyon.il.us.dal.net
>> :halcyon.il.us.dal.net PONG halcyon.il.us.dal.net :tvinci_
--> lag pong
<< PING halcyon.il.us.dal.net
>> :halcyon.il.us.dal.net PONG halcyon.il.us.dal.net :tvinci_
--> lag pong
<< PING halcyon.il.us.dal.net
>> :halcyon.il.us.dal.net PONG halcyon.il.us.dal.net :tvinci_
--> lag pong
<< PING halcyon.il.us.dal.net
>> :halcyon.il.us.dal.net PONG halcyon.il.us.dal.net :tvinci_
--> lag pong
<< PING halcyon.il.us.dal.net
>> :halcyon.il.us.dal.net PONG halcyon.il.us.dal.net :tvinci_
--> lag pong
<< PING halcyon.il.us.dal.net
>> :halcyon.il.us.dal.net PONG halcyon.il.us.dal.net :tvinci_
--> lag pong
<< PING halcyon.il.us.dal.net
>> :halcyon.il.us.dal.net PONG halcyon.il.us.dal.net :tvinci_
--> lag pong
<< PING halcyon.il.us.dal.net
>> :halcyon.il.us.dal.net PONG halcyon.il.us.dal.net :tvinci_
--> lag pong
<< PING halcyon.il.us.dal.net
>> :halcyon.il.us.dal.net PONG halcyon.il.us.dal.net :tvinci_
--> lag pong
<< PING halcyon.il.us.dal.net
>> :halcyon.il.us.dal.net PONG halcyon.il.us.dal.net :tvinci_
--> lag pong
<< PING halcyon.il.us.dal.net
>> :halcyon.il.us.dal.net PONG halcyon.il.us.dal.net :tvinci_
--> lag pong
<< PING halcyon.il.us.dal.net
>> :halcyon.il.us.dal.net PONG halcyon.il.us.dal.net :tvinci_
--> lag pong
<< PING halcyon.il.us.dal.net
>> :halcyon.il.us.dal.net PONG halcyon.il.us.dal.net :tvinci_
--> lag pong
<< PING halcyon.il.us.dal.net
>> :halcyon.il.us.dal.net PONG halcyon.il.us.dal.net :tvinci_
--> lag pong
<< PING halcyon.il.us.dal.net
>> :halcyon.il.us.dal.net PONG halcyon.il.us.dal.net :tvinci_
--> lag pong
<< PING halcyon.il.us.dal.net
>> :halcyon.il.us.dal.net PONG halcyon.il.us.dal.net :tvinci_
--> lag pong
<< PING halcyon.il.us.dal.net
>> :halcyon.il.us.dal.net PONG halcyon.il.us.dal.net :tvinci_
--> lag pong
<< PING halcyon.il.us.dal.net
>> :halcyon.il.us.dal.net PONG halcyon.il.us.dal.net :tvinci_
--> lag pong
<< PING halcyon.il.us.dal.net
>> :halcyon.il.us.dal.net PONG halcyon.il.us.dal.net :tvinci_
--> lag pong
<< PING halcyon.il.us.dal.net
>> :halcyon.il.us.dal.net PONG halcyon.il.us.dal.net :tvinci_
--> lag pong
<< PING halcyon.il.us.dal.net
>> :halcyon.il.us.dal.net PONG halcyon.il.us.dal.net :tvinci_
--> lag pong
<< PING halcyon.il.us.dal.net
>> :halcyon.il.us.dal.net PONG halcyon.il.us.dal.net :tvinci_
--> lag pong
<< PING halcyon.il.us.dal.net
>> :halcyon.il.us.dal.net PONG halcyon.il.us.dal.net :tvinci_
--> lag pong
<< PING halcyon.il.us.dal.net
>> :halcyon.il.us.dal.net PONG halcyon.il.us.dal.net :tvinci_
--> lag pong
<< PING halcyon.il.us.dal.net
>> :halcyon.il.us.dal.net PONG halcyon.il.us.dal.net :tvinci_
--> lag pong
<< PING halcyon.il.us.dal.net
>> :halcyon.il.us.dal.net PONG halcyon.il.us.dal.net :tvinci_
--> lag pong
<< PING halcyon.il.us.dal.net
>> :halcyon.il.us.dal.net PONG halcyon.il.us.dal.net :tvinci_
--> lag pong
<< PING halcyon.il.us.dal.net
>> :halcyon.il.us.dal.net PONG halcyon.il.us.dal.net :tvinci_
--> lag pong
<< PING halcyon.il.us.dal.net
>> :halcyon.il.us.dal.net PONG halcyon.il.us.dal.net :tvinci_
--> lag pong
<< PING halcyon.il.us.dal.net
>> :halcyon.il.us.dal.net PONG halcyon.il.us.dal.net :tvinci_
--> lag pong
<< PING halcyon.il.us.dal.net
>> :halcyon.il.us.dal.net PONG halcyon.il.us.dal.net :tvinci_
--> lag pong
<< PING halcyon.il.us.dal.net
>> :halcyon.il.us.dal.net PONG halcyon.il.us.dal.net :tvinci_
--> lag pong
<< PING halcyon.il.us.dal.net
>> :halcyon.il.us.dal.net PONG halcyon.il.us.dal.net :tvinci_
--> lag pong
<< PING halcyon.il.us.dal.net
>> :halcyon.il.us.dal.net PONG halcyon.il.us.dal.net :tvinci_
--> lag pong
<< PING halcyon.il.us.dal.net
>> :halcyon.il.us.dal.net PONG halcyon.il.us.dal.net :tvinci_
--> lag pong
<< PING halcyon.il.us.dal.net
>> :halcyon.il.us.dal.net PONG halcyon.il.us.dal.net :tvinci_
--> lag pong
<< PING halcyon.il.us.dal.net
>> :halcyon.il.us.dal.net PONG halcyon.il.us.dal.net :tvinci_
--> lag pong
<< PING halcyon.il.us.dal.net
>> :halcyon.il.us.dal.net PONG halcyon.il.us.dal.net :tvinci_
--> lag pong
<< PING halcyon.il.us.dal.net
>> :halcyon.il.us.dal.net PONG halcyon.il.us.dal.net :tvinci_
--> lag pong
<< PING halcyon.il.us.dal.net
>> :halcyon.il.us.dal.net PONG halcyon.il.us.dal.net :tvinci_
--> lag pong
<< PING halcyon.il.us.dal.net
>> :halcyon.il.us.dal.net PONG halcyon.il.us.dal.net :tvinci_
--> lag pong
<< PING halcyon.il.us.dal.net
>> :halcyon.il.us.dal.net PONG halcyon.il.us.dal.net :tvinci_
--> lag pong
<< PING halcyon.il.us.dal.net
>> :halcyon.il.us.dal.net PONG halcyon.il.us.dal.net :tvinci_
--> lag pong
<< PING halcyon.il.us.dal.net
>> :halcyon.il.us.dal.net PONG halcyon.il.us.dal.net :tvinci_
--> lag pong
<< PING halcyon.il.us.dal.net
>> :halcyon.il.us.dal.net PONG halcyon.il.us.dal.net :tvinci_
--> lag pong
<< PING halcyon.il.us.dal.net
>> :halcyon.il.us.dal.net PONG halcyon.il.us.dal.net :tvinci_
--> lag pong
<< PING halcyon.il.us.dal.net
>> :halcyon.il.us.dal.net PONG halcyon.il.us.dal.net :tvinci_
--> lag pong
<< PING halcyon.il.us.dal.net
>> :halcyon.il.us.dal.net PONG halcyon.il.us.dal.net :tvinci_
--> lag pong
<< PING halcyon.il.us.dal.net
>> :halcyon.il.us.dal.net PONG halcyon.il.us.dal.net :tvinci_
--> lag pong
<< PING halcyon.il.us.dal.net
>> :halcyon.il.us.dal.net PONG halcyon.il.us.dal.net :tvinci_
--> lag pong
<< PING halcyon.il.us.dal.net
>> :halcyon.il.us.dal.net PONG halcyon.il.us.dal.net :tvinci_
--> lag pong
<< PING halcyon.il.us.dal.net
>> :halcyon.il.us.dal.net PONG halcyon.il.us.dal.net :tvinci_
--> lag pong
<< PING halcyon.il.us.dal.net
>> :halcyon.il.us.dal.net PONG halcyon.il.us.dal.net :tvinci_
--> lag pong
<< PING halcyon.il.us.dal.net
>> :halcyon.il.us.dal.net PONG halcyon.il.us.dal.net :tvinci_
--> lag pong
<< PING halcyon.il.us.dal.net
>> :halcyon.il.us.dal.net PONG halcyon.il.us.dal.net :tvinci_
--> lag pong
<< PING halcyon.il.us.dal.net
>> :halcyon.il.us.dal.net PONG halcyon.il.us.dal.net :tvinci_
--> lag pong
<< PING halcyon.il.us.dal.net
>> :halcyon.il.us.dal.net PONG halcyon.il.us.dal.net :tvinci_
--> lag pong
<< PING halcyon.il.us.dal.net
>> :halcyon.il.us.dal.net PONG halcyon.il.us.dal.net :tvinci_
--> lag pong
<< PING halcyon.il.us.dal.net
>> :halcyon.il.us.dal.net PONG halcyon.il.us.dal.net :tvinci_
--> lag pong
<< PING halcyon.il.us.dal.net
>> :halcyon.il.us.dal.net PONG halcyon.il.us.dal.net :tvinci_
--> lag pong
<< PING halcyon.il.us.dal.net
>> :halcyon.il.us.dal.net PONG halcyon.il.us.dal.net :tvinci_
--> lag pong
<< PING halcyon.il.us.dal.net
>> :halcyon.il.us.dal.net PONG halcyon.il.us.dal.net :tvinci_
--> lag pong
<< PING halcyon.il.us.dal.net
>> :halcyon.il.us.dal.net PONG halcyon.il.us.dal.net :tvinci_
--> lag pong
<< PING halcyon.il.us.dal.net
>> :halcyon.il.us.dal.net PONG halcyon.il.us.dal.net :tvinci_
--> lag pong
<< PING halcyon.il.us.dal.net
